<?xml version="1.0" encoding="UTF-8"?>
<testsuites name="Compra de productos" time="28.674" tests="6" failures="0" errors="0">
   <testsuite name="Compra de productos" tests="6" failures="0" errors="0" time="28.674" skipped="0" timestamp="2025-09-19T04:20:05.563Z" hostname="luis.torres - h-laptop-034" id="Test Suites/Compra de productos">
      <properties>
         <property name="deviceName" value=""/>
         <property name="devicePlatform"/>
         <property name="logFolder" value="C:\\Users\\luis.torres\\Katalon Studio\\Prueba E2E sofka\\Sokka_E2E\\Reports\\20250918_232001\\Compra de productos\\20250918_232001"/>
         <property name="logFiles" value="C:\\Users\\luis.torres\\Katalon Studio\\Prueba E2E sofka\\Sokka_E2E\\Reports\\20250918_232001\\Compra de productos\\20250918_232001\\console0.log, C:\\Users\\luis.torres\\Katalon Studio\\Prueba E2E sofka\\Sokka_E2E\\Reports\\20250918_232001\\Compra de productos\\20250918_232001\\execution0.log"/>
         <property name="attachments" value=""/>
         <property name="hostName" value="luis.torres - h-laptop-034"/>
         <property name="os" value="Windows 11 64bit"/>
         <property name="katalonVersion" value="10.3.1.0"/>
         <property name="browser" value="Chrome 139.0.7258.155"/>
         <property name="userFullName" value="Luis Torres"/>
         <property name="hostAddress" value="192.168.0.108"/>
         <property name="sessionId" value="e67c401ce5e1d145e4acb635b6838855"/>
         <property name="projectName" value="ejemplo"/>
         <property name="seleniumVersion" value="4.28.1"/>
         <property name="proxyInformation" value="ProxyInformation { proxyOption=NO_PROXY, proxyServerType=HTTP, username=, password=********, proxyServerAddress=, proxyServerPort=0, executionList=&quot;&quot;, isApplyToDesiredCapabilities=true }"/>
         <property name="platform" value="Windows 11"/>
      </properties>
      <testcase name="Test Cases/Navegacion/Abrir página principal" time="6.608" classname="Test Cases/Navegacion/Abrir página principal" status="PASSED">
         <system-out><![CDATA[18-09-2025T23:20:06 - [TEST_CASE][PASSED] - Test Cases/Navegacion/Abrir página principal: Test Cases/Navegacion/Abrir página principal

18-09-2025T23:20:06 - [TEST_STEP][PASSED] - wa = new utils.WebActions(): null

18-09-2025T23:20:06 - [TEST_STEP][PASSED] - openBrowser(""): Browser is opened with url: ''

18-09-2025T23:20:07 - [MESSAGE][INFO] - Starting 'Chrome' driver

18-09-2025T23:20:07 - [MESSAGE][INFO] - Action delay is set to 0 milliseconds

18-09-2025T23:20:09 - [MESSAGE][PASSED] - Browser is opened with url: ''

18-09-2025T23:20:09 - [TEST_STEP][PASSED] - navigateToUrl("https://www.demoblaze.com/"): Navigate to 'https://www.demoblaze.com/' successfully

18-09-2025T23:20:10 - [MESSAGE][PASSED] - Navigate to 'https://www.demoblaze.com/' successfully

18-09-2025T23:20:10 - [TEST_STEP][PASSED] - maximizeWindow(): Current window maximized

18-09-2025T23:20:10 - [MESSAGE][PASSED] - Current window maximized

18-09-2025T23:20:10 - [TEST_STEP][PASSED] - wa.safeClick(findTestObject("Object Repository/Page_STORE/a_CATEGORIES_hrefch")): Click exitoso en: Object Repository/Page_STORE/a_CATEGORIES_hrefch

18-09-2025T23:20:11 - [MESSAGE][PASSED] - Object 'Object Repository/Page_STORE/a_CATEGORIES_hrefch' is present

18-09-2025T23:20:12 - [MESSAGE][PASSED] - Object 'Object Repository/Page_STORE/a_CATEGORIES_hrefch' is NOT clickable

18-09-2025T23:20:12 - [MESSAGE][PASSED] - Object: 'Object Repository/Page_STORE/a_CATEGORIES_hrefch' is clicked on

18-09-2025T23:20:12 - [MESSAGE][INFO] - Click exitoso en: Object Repository/Page_STORE/a_CATEGORIES_hrefch]]></system-out>
         <system-err><![CDATA[]]></system-err>
      </testcase>
      <testcase name="Test Cases/Productos/Agregar primer producto al carrito" time="3.037" classname="Test Cases/Productos/Agregar primer producto al carrito" status="PASSED">
         <system-out><![CDATA[18-09-2025T23:20:12 - [TEST_CASE][PASSED] - Test Cases/Productos/Agregar primer producto al carrito: Test Cases/Productos/Agregar primer producto al carrito

18-09-2025T23:20:12 - [TEST_STEP][PASSED] - wa = new utils.WebActions(): null

18-09-2025T23:20:12 - [TEST_STEP][PASSED] - wa.safeClick(findTestObject("Object Repository/Page_STORE/a_Product description_btn btn-success btn-lg")): Click exitoso en: Object Repository/Page_STORE/a_Product description_btn btn-success btn-lg

18-09-2025T23:20:13 - [MESSAGE][PASSED] - Object 'Object Repository/Page_STORE/a_Product description_btn btn-success btn-lg' is present

18-09-2025T23:20:13 - [MESSAGE][PASSED] - Object 'Object Repository/Page_STORE/a_Product description_btn btn-success btn-lg' is NOT clickable

18-09-2025T23:20:14 - [MESSAGE][PASSED] - Object: 'Object Repository/Page_STORE/a_Product description_btn btn-success btn-lg' is clicked on

18-09-2025T23:20:14 - [MESSAGE][INFO] - Click exitoso en: Object Repository/Page_STORE/a_Product description_btn btn-success btn-lg

18-09-2025T23:20:14 - [TEST_STEP][PASSED] - wa.handleAlert(): Alerta aceptada

18-09-2025T23:20:14 - [MESSAGE][PASSED] - Alert is present after 5 second(s).

18-09-2025T23:20:14 - [MESSAGE][PASSED] - Alert accepted

18-09-2025T23:20:14 - [MESSAGE][INFO] - Alerta aceptada

18-09-2025T23:20:14 - [TEST_STEP][PASSED] - wa.safeClick(findTestObject("Object Repository/Page_STORE/a_Close_nava")): Click exitoso en: Object Repository/Page_STORE/a_Close_nava

18-09-2025T23:20:15 - [MESSAGE][PASSED] - Object 'Object Repository/Page_STORE/a_Close_nava' is present

18-09-2025T23:20:15 - [MESSAGE][PASSED] - Object 'Object Repository/Page_STORE/a_Close_nava' is NOT clickable

18-09-2025T23:20:15 - [MESSAGE][PASSED] - Object: 'Object Repository/Page_STORE/a_Close_nava' is clicked on

18-09-2025T23:20:15 - [MESSAGE][INFO] - Click exitoso en: Object Repository/Page_STORE/a_Close_nava]]></system-out>
         <system-err><![CDATA[]]></system-err>
      </testcase>
      <testcase name="Test Cases/Productos/Agregar segundo producto al carrito" time="4.465" classname="Test Cases/Productos/Agregar segundo producto al carrito" status="PASSED">
         <system-out><![CDATA[18-09-2025T23:20:15 - [TEST_CASE][PASSED] - Test Cases/Productos/Agregar segundo producto al carrito: Test Cases/Productos/Agregar segundo producto al carrito

18-09-2025T23:20:16 - [TEST_STEP][PASSED] - wa = new utils.WebActions(): null

18-09-2025T23:20:16 - [TEST_STEP][PASSED] - wa.safeClick(findTestObject("Object Repository/Page_STORE/a_360_hrefch")): Click exitoso en: Object Repository/Page_STORE/a_360_hrefch

18-09-2025T23:20:16 - [MESSAGE][PASSED] - Object 'Object Repository/Page_STORE/a_360_hrefch' is present

18-09-2025T23:20:16 - [MESSAGE][PASSED] - Object 'Object Repository/Page_STORE/a_360_hrefch' is NOT clickable

18-09-2025T23:20:17 - [MESSAGE][PASSED] - Object: 'Object Repository/Page_STORE/a_360_hrefch' is clicked on

18-09-2025T23:20:17 - [MESSAGE][INFO] - Click exitoso en: Object Repository/Page_STORE/a_360_hrefch

18-09-2025T23:20:17 - [TEST_STEP][PASSED] - wa.safeClick(findTestObject("Object Repository/Page_STORE/a_Product description_btn btn-success btn-lg_1")): Click exitoso en: Object Repository/Page_STORE/a_Product description_btn btn-success btn-lg_1

18-09-2025T23:20:18 - [MESSAGE][PASSED] - Object 'Object Repository/Page_STORE/a_Product description_btn btn-success btn-lg_1' is present

18-09-2025T23:20:18 - [MESSAGE][PASSED] - Object 'Object Repository/Page_STORE/a_Product description_btn btn-success btn-lg_1' is NOT clickable

18-09-2025T23:20:18 - [MESSAGE][PASSED] - Object: 'Object Repository/Page_STORE/a_Product description_btn btn-success btn-lg_1' is clicked on

18-09-2025T23:20:18 - [MESSAGE][INFO] - Click exitoso en: Object Repository/Page_STORE/a_Product description_btn btn-success btn-lg_1

18-09-2025T23:20:18 - [TEST_STEP][PASSED] - wa.handleAlert(): Alerta aceptada

18-09-2025T23:20:19 - [MESSAGE][PASSED] - Alert is present after 5 second(s).

18-09-2025T23:20:19 - [MESSAGE][PASSED] - Alert accepted

18-09-2025T23:20:19 - [MESSAGE][INFO] - Alerta aceptada

18-09-2025T23:20:19 - [TEST_STEP][PASSED] - wa.safeClick(findTestObject("Object Repository/Page_STORE/a_Close_nava")): Click exitoso en: Object Repository/Page_STORE/a_Close_nava

18-09-2025T23:20:19 - [MESSAGE][PASSED] - Object 'Object Repository/Page_STORE/a_Close_nava' is present

18-09-2025T23:20:19 - [MESSAGE][PASSED] - Object 'Object Repository/Page_STORE/a_Close_nava' is NOT clickable

18-09-2025T23:20:20 - [MESSAGE][PASSED] - Object: 'Object Repository/Page_STORE/a_Close_nava' is clicked on

18-09-2025T23:20:20 - [MESSAGE][INFO] - Click exitoso en: Object Repository/Page_STORE/a_Close_nava]]></system-out>
         <system-err><![CDATA[]]></system-err>
      </testcase>
      <testcase name="Test Cases/Navegacion/Ir al carrito y empezar compra" time="3.334" classname="Test Cases/Navegacion/Ir al carrito y empezar compra" status="PASSED">
         <system-out><![CDATA[18-09-2025T23:20:20 - [TEST_CASE][PASSED] - Test Cases/Navegacion/Ir al carrito y empezar compra: Test Cases/Navegacion/Ir al carrito y empezar compra

18-09-2025T23:20:20 - [TEST_STEP][PASSED] - wa = new utils.WebActions(): null

18-09-2025T23:20:20 - [TEST_STEP][PASSED] - wa.safeClick(findTestObject("Object Repository/Page_STORE/a_(current)_cartur")): Click exitoso en: Object Repository/Page_STORE/a_(current)_cartur

18-09-2025T23:20:21 - [MESSAGE][PASSED] - Object 'Object Repository/Page_STORE/a_(current)_cartur' is present

18-09-2025T23:20:21 - [MESSAGE][PASSED] - Object 'Object Repository/Page_STORE/a_(current)_cartur' is NOT clickable

18-09-2025T23:20:22 - [MESSAGE][PASSED] - Object: 'Object Repository/Page_STORE/a_(current)_cartur' is clicked on

18-09-2025T23:20:22 - [MESSAGE][INFO] - Click exitoso en: Object Repository/Page_STORE/a_(current)_cartur

18-09-2025T23:20:22 - [TEST_STEP][PASSED] - wa.safeClick(findTestObject("Object Repository/Page_STORE/button_Total_btn btn-success")): Click exitoso en: Object Repository/Page_STORE/button_Total_btn btn-success

18-09-2025T23:20:23 - [MESSAGE][PASSED] - Object 'Object Repository/Page_STORE/button_Total_btn btn-success' is present

18-09-2025T23:20:23 - [MESSAGE][PASSED] - Object 'Object Repository/Page_STORE/button_Total_btn btn-success' is NOT clickable

18-09-2025T23:20:23 - [MESSAGE][PASSED] - Object: 'Object Repository/Page_STORE/button_Total_btn btn-success' is clicked on

18-09-2025T23:20:23 - [MESSAGE][INFO] - Click exitoso en: Object Repository/Page_STORE/button_Total_btn btn-success]]></system-out>
         <system-err><![CDATA[]]></system-err>
      </testcase>
      <testcase name="Test Cases/Compra/Llenar formulario de compra" time="7.473" classname="Test Cases/Compra/Llenar formulario de compra" status="PASSED">
         <properties>
            <property name="data_binding"><![CDATA[{"Nombre":"sofka","Tarjeta":"159753852","Mes":"septiembre","Ciudad":"Bogota","Anio":"2024","Pais":"Colombia"}]]></property>
         </properties>
         <system-out><![CDATA[18-09-2025T23:20:23 - [TEST_CASE][PASSED] - Test Cases/Compra/Llenar formulario de compra: Test Cases/Compra/Llenar formulario de compra

18-09-2025T23:20:24 - [TEST_STEP][PASSED] - wa = new utils.WebActions(): null

18-09-2025T23:20:24 - [TEST_STEP][PASSED] - wa.safeSetText(findTestObject("Object Repository/Page_STORE/input_Name_name"), Nombre): Texto ingresado en: Object Repository/Page_STORE/input_Name_name

18-09-2025T23:20:24 - [MESSAGE][PASSED] - Object 'Object Repository/Page_STORE/input_Name_name' is present

18-09-2025T23:20:24 - [MESSAGE][PASSED] - Object 'Object Repository/Page_STORE/input_Name_name' is visible

18-09-2025T23:20:25 - [MESSAGE][PASSED] - Text 'sofka' is set on object 'Object Repository/Page_STORE/input_Name_name'

18-09-2025T23:20:25 - [MESSAGE][INFO] - Texto ingresado en: Object Repository/Page_STORE/input_Name_name

18-09-2025T23:20:25 - [TEST_STEP][PASSED] - wa.safeSetText(findTestObject("Object Repository/Page_STORE/input_Country_country"), Pais): Texto ingresado en: Object Repository/Page_STORE/input_Country_country

18-09-2025T23:20:25 - [MESSAGE][PASSED] - Object 'Object Repository/Page_STORE/input_Country_country' is present

18-09-2025T23:20:26 - [MESSAGE][PASSED] - Object 'Object Repository/Page_STORE/input_Country_country' is visible

18-09-2025T23:20:26 - [MESSAGE][PASSED] - Text 'Colombia' is set on object 'Object Repository/Page_STORE/input_Country_country'

18-09-2025T23:20:26 - [MESSAGE][INFO] - Texto ingresado en: Object Repository/Page_STORE/input_Country_country

18-09-2025T23:20:26 - [TEST_STEP][PASSED] - wa.safeSetText(findTestObject("Object Repository/Page_STORE/input_City_city"), Ciudad): Texto ingresado en: Object Repository/Page_STORE/input_City_city

18-09-2025T23:20:26 - [MESSAGE][PASSED] - Object 'Object Repository/Page_STORE/input_City_city' is present

18-09-2025T23:20:27 - [MESSAGE][PASSED] - Object 'Object Repository/Page_STORE/input_City_city' is visible

18-09-2025T23:20:27 - [MESSAGE][PASSED] - Text 'Bogota' is set on object 'Object Repository/Page_STORE/input_City_city'

18-09-2025T23:20:27 - [MESSAGE][INFO] - Texto ingresado en: Object Repository/Page_STORE/input_City_city

18-09-2025T23:20:27 - [TEST_STEP][PASSED] - wa.safeSetText(findTestObject("Object Repository/Page_STORE/input_Credit card_card"), Tarjeta): Texto ingresado en: Object Repository/Page_STORE/input_Credit card_card

18-09-2025T23:20:28 - [MESSAGE][PASSED] - Object 'Object Repository/Page_STORE/input_Credit card_card' is present

18-09-2025T23:20:28 - [MESSAGE][PASSED] - Object 'Object Repository/Page_STORE/input_Credit card_card' is visible

18-09-2025T23:20:29 - [MESSAGE][PASSED] - Text '159753852' is set on object 'Object Repository/Page_STORE/input_Credit card_card'

18-09-2025T23:20:29 - [MESSAGE][INFO] - Texto ingresado en: Object Repository/Page_STORE/input_Credit card_card

18-09-2025T23:20:29 - [TEST_STEP][PASSED] - wa.safeSetText(findTestObject("Object Repository/Page_STORE/input_Month_month"), Mes): Texto ingresado en: Object Repository/Page_STORE/input_Month_month

18-09-2025T23:20:29 - [MESSAGE][PASSED] - Object 'Object Repository/Page_STORE/input_Month_month' is present

18-09-2025T23:20:29 - [MESSAGE][PASSED] - Object 'Object Repository/Page_STORE/input_Month_month' is visible

18-09-2025T23:20:30 - [MESSAGE][PASSED] - Text 'septiembre' is set on object 'Object Repository/Page_STORE/input_Month_month'

18-09-2025T23:20:30 - [MESSAGE][INFO] - Texto ingresado en: Object Repository/Page_STORE/input_Month_month

18-09-2025T23:20:30 - [TEST_STEP][PASSED] - wa.safeSetText(findTestObject("Object Repository/Page_STORE/input_Year_year"), Anio): Texto ingresado en: Object Repository/Page_STORE/input_Year_year

18-09-2025T23:20:30 - [MESSAGE][PASSED] - Object 'Object Repository/Page_STORE/input_Year_year' is present

18-09-2025T23:20:30 - [MESSAGE][PASSED] - Object 'Object Repository/Page_STORE/input_Year_year' is visible

18-09-2025T23:20:31 - [MESSAGE][PASSED] - Text '2024' is set on object 'Object Repository/Page_STORE/input_Year_year'

18-09-2025T23:20:31 - [MESSAGE][INFO] - Texto ingresado en: Object Repository/Page_STORE/input_Year_year]]></system-out>
         <system-err><![CDATA[]]></system-err>
      </testcase>
      <testcase name="Test Cases/Compra/Confirmar compra" time="2.789" classname="Test Cases/Compra/Confirmar compra" status="PASSED">
         <system-out><![CDATA[18-09-2025T23:20:31 - [TEST_CASE][PASSED] - Test Cases/Compra/Confirmar compra: Test Cases/Compra/Confirmar compra

18-09-2025T23:20:31 - [TEST_STEP][PASSED] - wa = new utils.WebActions(): null

18-09-2025T23:20:31 - [TEST_STEP][PASSED] - wa.safeClick(findTestObject("Object Repository/Page_STORE/button_Close_btn btn-primary")): Click exitoso en: Object Repository/Page_STORE/button_Close_btn btn-primary

18-09-2025T23:20:31 - [MESSAGE][PASSED] - Object 'Object Repository/Page_STORE/button_Close_btn btn-primary' is present

18-09-2025T23:20:32 - [MESSAGE][PASSED] - Object 'Object Repository/Page_STORE/button_Close_btn btn-primary' is NOT clickable

18-09-2025T23:20:32 - [MESSAGE][PASSED] - Object: 'Object Repository/Page_STORE/button_Close_btn btn-primary' is clicked on

18-09-2025T23:20:32 - [MESSAGE][INFO] - Click exitoso en: Object Repository/Page_STORE/button_Close_btn btn-primary

18-09-2025T23:20:32 - [TEST_STEP][PASSED] - wa.safeClick(findTestObject("Object Repository/Page_STORE/button_Cancel_confirm btn btn-lg btn-primary")): Click exitoso en: Object Repository/Page_STORE/button_Cancel_confirm btn btn-lg btn-primary

18-09-2025T23:20:32 - [MESSAGE][PASSED] - Object 'Object Repository/Page_STORE/button_Cancel_confirm btn btn-lg btn-primary' is present

18-09-2025T23:20:33 - [MESSAGE][PASSED] - Object 'Object Repository/Page_STORE/button_Cancel_confirm btn btn-lg btn-primary' is NOT clickable

18-09-2025T23:20:33 - [MESSAGE][PASSED] - Object: 'Object Repository/Page_STORE/button_Cancel_confirm btn btn-lg btn-primary' is clicked on

18-09-2025T23:20:33 - [MESSAGE][INFO] - Click exitoso en: Object Repository/Page_STORE/button_Cancel_confirm btn btn-lg btn-primary

18-09-2025T23:20:33 - [TEST_STEP][PASSED] - closeBrowser(): Browser is closed

18-09-2025T23:20:34 - [MESSAGE][PASSED] - Browser is closed]]></system-out>
         <system-err><![CDATA[]]></system-err>
      </testcase>
      <system-out><![CDATA[18-09-2025T23:20:05 - [TEST_SUITE][PASSED] - Compra de productos: null]]></system-out>
      <system-err><![CDATA[]]></system-err>
   </testsuite>
</testsuites>
